+===========================GNAT BUG DETECTED==============================+
| Community 2018 (20180524) (spark) GCC error:                             |
| could not reload files of the session: anomaly:                          |
|     Sys_error("/home/alex222en/Documentos/GitHub/Calculadora-Binaria-ADA/obj/gnatprove/funciones/..\\funciones.mlw: No such file or directory")|
| No source file position information available                            |
| Please submit a bug report by email to report@adacore.com.               |
| GAP members can alternatively use GNAT Tracker:                          |
| http://www.adacore.com/ section 'send a report'.                         |
| See gnatinfo.txt for full info on procedure for submitting bugs.         |
| Use a subject line meaningful to you and us to track the bug.            |
| Include the entire contents of this bug box in the report.               |
| Include the exact command that you entered.                              |
| Also include sources listed below.                                       |
| Use plain ASCII or MIME attachment(s).                                   |
+==========================================================================+

Please include these source files with error report
Note that list may not be accurate in some cases,
so please double check that the problem can still
be reproduced with the set of files listed.
Consider also -gnatd.n switch (see debug.adb).

/home/alex222en/Documentos/GitHub/Calculadora-Binaria-ADA/src/funciones.adb
/home/alex222en/Documentos/GitHub/Calculadora-Binaria-ADA/src/funciones.ads

compilation abandoned
